[2025-11-10T21:55:48.773+0000] {local_task_job_runner.py:120} INFO - ::group::Pre task execution logs
[2025-11-10T21:55:48.839+0000] {taskinstance.py:2076} INFO - Dependencies all met for dep_context=non-requeueable deps ti=<TaskInstance: produce_json.get_playlist_id manual__2025-11-10T21:46:46+00:00 [queued]>
[2025-11-10T21:55:48.855+0000] {taskinstance.py:2076} INFO - Dependencies all met for dep_context=requeueable deps ti=<TaskInstance: produce_json.get_playlist_id manual__2025-11-10T21:46:46+00:00 [queued]>
[2025-11-10T21:55:48.856+0000] {taskinstance.py:2306} INFO - Starting attempt 1 of 1
[2025-11-10T21:55:48.873+0000] {taskinstance.py:2330} INFO - Executing <Task(_PythonDecoratedOperator): get_playlist_id> on 2025-11-10 21:46:46+00:00
[2025-11-10T21:55:48.882+0000] {standard_task_runner.py:63} INFO - Started process 624 to run task
[2025-11-10T21:55:48.887+0000] {standard_task_runner.py:90} INFO - Running: ['airflow', 'tasks', 'run', 'produce_json', 'get_playlist_id', 'manual__2025-11-10T21:46:46+00:00', '--job-id', '5', '--raw', '--subdir', 'DAGS_FOLDER/main.py', '--cfg-path', '/tmp/tmp7nqb1srd']
[2025-11-10T21:55:48.888+0000] {standard_task_runner.py:91} INFO - Job 5: Subtask get_playlist_id
[2025-11-10T21:55:48.949+0000] {task_command.py:426} INFO - Running <TaskInstance: produce_json.get_playlist_id manual__2025-11-10T21:46:46+00:00 [running]> on host 19a898963882
[2025-11-10T21:55:49.058+0000] {taskinstance.py:2648} INFO - Exporting env vars: AIRFLOW_CTX_DAG_EMAIL='data@engineers.com' AIRFLOW_CTX_DAG_OWNER='airflow' AIRFLOW_CTX_DAG_ID='produce_json' AIRFLOW_CTX_TASK_ID='get_playlist_id' AIRFLOW_CTX_EXECUTION_DATE='2025-11-10T21:46:46+00:00' AIRFLOW_CTX_TRY_NUMBER='1' AIRFLOW_CTX_DAG_RUN_ID='manual__2025-11-10T21:46:46+00:00'
[2025-11-10T21:55:49.060+0000] {taskinstance.py:430} INFO - ::endgroup::
[2025-11-10T21:55:50.238+0000] {taskinstance.py:441} INFO - ::group::Post task execution logs
[2025-11-10T21:55:50.239+0000] {taskinstance.py:2905} ERROR - Task failed with exception
Traceback (most recent call last):
  File "/home/airflow/.local/lib/python3.10/site-packages/airflow/models/taskinstance.py", line 465, in _execute_task
    result = _execute_callable(context=context, **execute_callable_kwargs)
  File "/home/airflow/.local/lib/python3.10/site-packages/airflow/models/taskinstance.py", line 432, in _execute_callable
    return execute_callable(context=context, **execute_callable_kwargs)
  File "/home/airflow/.local/lib/python3.10/site-packages/airflow/models/baseoperator.py", line 401, in wrapper
    return func(self, *args, **kwargs)
  File "/home/airflow/.local/lib/python3.10/site-packages/airflow/decorators/base.py", line 265, in execute
    return_value = super().execute(context)
  File "/home/airflow/.local/lib/python3.10/site-packages/airflow/models/baseoperator.py", line 401, in wrapper
    return func(self, *args, **kwargs)
  File "/home/airflow/.local/lib/python3.10/site-packages/airflow/operators/python.py", line 235, in execute
    return_value = self.execute_callable()
  File "/home/airflow/.local/lib/python3.10/site-packages/airflow/operators/python.py", line 252, in execute_callable
    return self.python_callable(*self.op_args, **self.op_kwargs)
  File "/opt/airflow/dags/api/vedio_stats.py", line 31, in get_playlist_id
    raise e
  File "/opt/airflow/dags/api/vedio_stats.py", line 23, in get_playlist_id
    r.raise_for_status()
  File "/home/airflow/.local/lib/python3.10/site-packages/requests/models.py", line 1021, in raise_for_status
    raise HTTPError(http_error_msg, response=self)
requests.exceptions.HTTPError: 400 Client Error: Bad Request for url: https://youtube.googleapis.com/youtube/v3/channels?part=contentDetails&forHandle=MrBeast&key=***
[2025-11-10T21:55:50.261+0000] {taskinstance.py:1206} INFO - Marking task as FAILED. dag_id=produce_json, task_id=get_playlist_id, run_id=manual__2025-11-10T21:46:46+00:00, execution_date=20251110T214646, start_date=20251110T215548, end_date=20251110T215550
[2025-11-10T21:55:50.281+0000] {standard_task_runner.py:110} ERROR - Failed to execute job 5 for task get_playlist_id (400 Client Error: Bad Request for url: https://youtube.googleapis.com/youtube/v3/channels?part=contentDetails&forHandle=MrBeast&key=***; 624)
[2025-11-10T21:55:50.319+0000] {local_task_job_runner.py:240} INFO - Task exited with return code 1
[2025-11-10T21:55:50.425+0000] {taskinstance.py:3503} INFO - 0 downstream tasks scheduled from follow-on schedule check
[2025-11-10T21:55:50.433+0000] {local_task_job_runner.py:222} INFO - ::endgroup::
