[2025-11-10T21:11:46.675+0000] {processor.py:161} INFO - Started process (PID=64) to work on /opt/airflow/dags/api/main.py
[2025-11-10T21:11:46.677+0000] {processor.py:830} INFO - Processing file /opt/airflow/dags/api/main.py for tasks to queue
[2025-11-10T21:11:46.682+0000] {logging_mixin.py:188} INFO - [2025-11-10T21:11:46.681+0000] {dagbag.py:545} INFO - Filling up the DagBag from /opt/airflow/dags/api/main.py
[2025-11-10T21:11:46.718+0000] {logging_mixin.py:188} INFO - [2025-11-10T21:11:46.716+0000] {dagbag.py:355} ERROR - Failed to import: /opt/airflow/dags/api/main.py
Traceback (most recent call last):
  File "/home/airflow/.local/lib/python3.10/site-packages/airflow/models/dagbag.py", line 351, in parse
    loader.exec_module(new_module)
  File "<frozen importlib._bootstrap_external>", line 879, in exec_module
  File "<frozen importlib._bootstrap_external>", line 1017, in get_code
  File "<frozen importlib._bootstrap_external>", line 947, in source_to_code
  File "<frozen importlib._bootstrap>", line 241, in _call_with_frames_removed
  File "/opt/airflow/dags/api/main.py", line 17
    'max_active_runs':1,
                     ^
SyntaxError: invalid syntax
[2025-11-10T21:11:46.719+0000] {processor.py:842} WARNING - No viable dags retrieved from /opt/airflow/dags/api/main.py
[2025-11-10T21:11:46.760+0000] {processor.py:183} INFO - Processing /opt/airflow/dags/api/main.py took 0.096 seconds
[2025-11-10T21:12:18.371+0000] {processor.py:161} INFO - Started process (PID=71) to work on /opt/airflow/dags/api/main.py
[2025-11-10T21:12:18.376+0000] {processor.py:830} INFO - Processing file /opt/airflow/dags/api/main.py for tasks to queue
[2025-11-10T21:12:18.436+0000] {logging_mixin.py:188} INFO - [2025-11-10T21:12:18.428+0000] {dagbag.py:545} INFO - Filling up the DagBag from /opt/airflow/dags/api/main.py
[2025-11-10T21:12:18.629+0000] {logging_mixin.py:188} INFO - [2025-11-10T21:12:18.609+0000] {dagbag.py:355} ERROR - Failed to import: /opt/airflow/dags/api/main.py
Traceback (most recent call last):
  File "/home/airflow/.local/lib/python3.10/site-packages/airflow/models/dagbag.py", line 351, in parse
    loader.exec_module(new_module)
  File "<frozen importlib._bootstrap_external>", line 879, in exec_module
  File "<frozen importlib._bootstrap_external>", line 1017, in get_code
  File "<frozen importlib._bootstrap_external>", line 947, in source_to_code
  File "<frozen importlib._bootstrap>", line 241, in _call_with_frames_removed
  File "/opt/airflow/dags/api/main.py", line 17
    'max_active_runs':1,
                     ^
SyntaxError: invalid syntax
[2025-11-10T21:12:18.632+0000] {processor.py:842} WARNING - No viable dags retrieved from /opt/airflow/dags/api/main.py
[2025-11-10T21:12:18.854+0000] {processor.py:183} INFO - Processing /opt/airflow/dags/api/main.py took 0.583 seconds
[2025-11-10T21:12:49.307+0000] {processor.py:161} INFO - Started process (PID=78) to work on /opt/airflow/dags/api/main.py
[2025-11-10T21:12:49.309+0000] {processor.py:830} INFO - Processing file /opt/airflow/dags/api/main.py for tasks to queue
[2025-11-10T21:12:49.312+0000] {logging_mixin.py:188} INFO - [2025-11-10T21:12:49.311+0000] {dagbag.py:545} INFO - Filling up the DagBag from /opt/airflow/dags/api/main.py
[2025-11-10T21:12:49.350+0000] {logging_mixin.py:188} INFO - [2025-11-10T21:12:49.348+0000] {dagbag.py:355} ERROR - Failed to import: /opt/airflow/dags/api/main.py
Traceback (most recent call last):
  File "/home/airflow/.local/lib/python3.10/site-packages/airflow/models/dagbag.py", line 351, in parse
    loader.exec_module(new_module)
  File "<frozen importlib._bootstrap_external>", line 879, in exec_module
  File "<frozen importlib._bootstrap_external>", line 1017, in get_code
  File "<frozen importlib._bootstrap_external>", line 947, in source_to_code
  File "<frozen importlib._bootstrap>", line 241, in _call_with_frames_removed
  File "/opt/airflow/dags/api/main.py", line 17
    'max_active_runs':1,
                     ^
SyntaxError: invalid syntax
[2025-11-10T21:12:49.351+0000] {processor.py:842} WARNING - No viable dags retrieved from /opt/airflow/dags/api/main.py
[2025-11-10T21:12:49.377+0000] {processor.py:183} INFO - Processing /opt/airflow/dags/api/main.py took 0.077 seconds
[2025-11-10T21:13:19.870+0000] {processor.py:161} INFO - Started process (PID=85) to work on /opt/airflow/dags/api/main.py
[2025-11-10T21:13:19.874+0000] {processor.py:830} INFO - Processing file /opt/airflow/dags/api/main.py for tasks to queue
[2025-11-10T21:13:19.878+0000] {logging_mixin.py:188} INFO - [2025-11-10T21:13:19.877+0000] {dagbag.py:545} INFO - Filling up the DagBag from /opt/airflow/dags/api/main.py
[2025-11-10T21:13:19.926+0000] {logging_mixin.py:188} INFO - [2025-11-10T21:13:19.924+0000] {dagbag.py:355} ERROR - Failed to import: /opt/airflow/dags/api/main.py
Traceback (most recent call last):
  File "/home/airflow/.local/lib/python3.10/site-packages/airflow/models/dagbag.py", line 351, in parse
    loader.exec_module(new_module)
  File "<frozen importlib._bootstrap_external>", line 879, in exec_module
  File "<frozen importlib._bootstrap_external>", line 1017, in get_code
  File "<frozen importlib._bootstrap_external>", line 947, in source_to_code
  File "<frozen importlib._bootstrap>", line 241, in _call_with_frames_removed
  File "/opt/airflow/dags/api/main.py", line 17
    'max_active_runs':1,
                     ^
SyntaxError: invalid syntax
[2025-11-10T21:13:19.927+0000] {processor.py:842} WARNING - No viable dags retrieved from /opt/airflow/dags/api/main.py
[2025-11-10T21:13:19.962+0000] {processor.py:183} INFO - Processing /opt/airflow/dags/api/main.py took 0.106 seconds
[2025-11-10T21:13:50.472+0000] {processor.py:161} INFO - Started process (PID=93) to work on /opt/airflow/dags/api/main.py
[2025-11-10T21:13:50.478+0000] {processor.py:830} INFO - Processing file /opt/airflow/dags/api/main.py for tasks to queue
[2025-11-10T21:13:50.498+0000] {logging_mixin.py:188} INFO - [2025-11-10T21:13:50.497+0000] {dagbag.py:545} INFO - Filling up the DagBag from /opt/airflow/dags/api/main.py
[2025-11-10T21:13:50.632+0000] {logging_mixin.py:188} INFO - [2025-11-10T21:13:50.628+0000] {dagbag.py:355} ERROR - Failed to import: /opt/airflow/dags/api/main.py
Traceback (most recent call last):
  File "/home/airflow/.local/lib/python3.10/site-packages/airflow/models/dagbag.py", line 351, in parse
    loader.exec_module(new_module)
  File "<frozen importlib._bootstrap_external>", line 879, in exec_module
  File "<frozen importlib._bootstrap_external>", line 1017, in get_code
  File "<frozen importlib._bootstrap_external>", line 947, in source_to_code
  File "<frozen importlib._bootstrap>", line 241, in _call_with_frames_removed
  File "/opt/airflow/dags/api/main.py", line 17
    'max_active_runs':1,
                     ^
SyntaxError: invalid syntax
[2025-11-10T21:13:50.634+0000] {processor.py:842} WARNING - No viable dags retrieved from /opt/airflow/dags/api/main.py
[2025-11-10T21:13:50.718+0000] {processor.py:183} INFO - Processing /opt/airflow/dags/api/main.py took 0.268 seconds
[2025-11-10T21:14:21.010+0000] {processor.py:161} INFO - Started process (PID=100) to work on /opt/airflow/dags/api/main.py
[2025-11-10T21:14:21.022+0000] {processor.py:830} INFO - Processing file /opt/airflow/dags/api/main.py for tasks to queue
[2025-11-10T21:14:21.033+0000] {logging_mixin.py:188} INFO - [2025-11-10T21:14:21.029+0000] {dagbag.py:545} INFO - Filling up the DagBag from /opt/airflow/dags/api/main.py
[2025-11-10T21:14:21.075+0000] {logging_mixin.py:188} INFO - [2025-11-10T21:14:21.073+0000] {dagbag.py:355} ERROR - Failed to import: /opt/airflow/dags/api/main.py
Traceback (most recent call last):
  File "/home/airflow/.local/lib/python3.10/site-packages/airflow/models/dagbag.py", line 351, in parse
    loader.exec_module(new_module)
  File "<frozen importlib._bootstrap_external>", line 879, in exec_module
  File "<frozen importlib._bootstrap_external>", line 1017, in get_code
  File "<frozen importlib._bootstrap_external>", line 947, in source_to_code
  File "<frozen importlib._bootstrap>", line 241, in _call_with_frames_removed
  File "/opt/airflow/dags/api/main.py", line 17
    'max_active_runs':1,
                     ^
SyntaxError: invalid syntax
[2025-11-10T21:14:21.077+0000] {processor.py:842} WARNING - No viable dags retrieved from /opt/airflow/dags/api/main.py
[2025-11-10T21:14:21.115+0000] {processor.py:183} INFO - Processing /opt/airflow/dags/api/main.py took 0.163 seconds
[2025-11-10T21:14:51.265+0000] {processor.py:161} INFO - Started process (PID=107) to work on /opt/airflow/dags/api/main.py
[2025-11-10T21:14:51.267+0000] {processor.py:830} INFO - Processing file /opt/airflow/dags/api/main.py for tasks to queue
[2025-11-10T21:14:51.270+0000] {logging_mixin.py:188} INFO - [2025-11-10T21:14:51.270+0000] {dagbag.py:545} INFO - Filling up the DagBag from /opt/airflow/dags/api/main.py
[2025-11-10T21:14:51.342+0000] {logging_mixin.py:188} INFO - [2025-11-10T21:14:51.341+0000] {dagbag.py:355} ERROR - Failed to import: /opt/airflow/dags/api/main.py
Traceback (most recent call last):
  File "/home/airflow/.local/lib/python3.10/site-packages/airflow/models/dagbag.py", line 351, in parse
    loader.exec_module(new_module)
  File "<frozen importlib._bootstrap_external>", line 879, in exec_module
  File "<frozen importlib._bootstrap_external>", line 1017, in get_code
  File "<frozen importlib._bootstrap_external>", line 947, in source_to_code
  File "<frozen importlib._bootstrap>", line 241, in _call_with_frames_removed
  File "/opt/airflow/dags/api/main.py", line 17
    'max_active_runs':1,
                     ^
SyntaxError: invalid syntax
[2025-11-10T21:14:51.344+0000] {processor.py:842} WARNING - No viable dags retrieved from /opt/airflow/dags/api/main.py
[2025-11-10T21:14:51.376+0000] {processor.py:183} INFO - Processing /opt/airflow/dags/api/main.py took 0.119 seconds
[2025-11-10T21:15:22.081+0000] {processor.py:161} INFO - Started process (PID=114) to work on /opt/airflow/dags/api/main.py
[2025-11-10T21:15:22.088+0000] {processor.py:830} INFO - Processing file /opt/airflow/dags/api/main.py for tasks to queue
[2025-11-10T21:15:22.099+0000] {logging_mixin.py:188} INFO - [2025-11-10T21:15:22.099+0000] {dagbag.py:545} INFO - Filling up the DagBag from /opt/airflow/dags/api/main.py
[2025-11-10T21:15:22.240+0000] {logging_mixin.py:188} INFO - [2025-11-10T21:15:22.217+0000] {dagbag.py:355} ERROR - Failed to import: /opt/airflow/dags/api/main.py
Traceback (most recent call last):
  File "/home/airflow/.local/lib/python3.10/site-packages/airflow/models/dagbag.py", line 351, in parse
    loader.exec_module(new_module)
  File "<frozen importlib._bootstrap_external>", line 879, in exec_module
  File "<frozen importlib._bootstrap_external>", line 1017, in get_code
  File "<frozen importlib._bootstrap_external>", line 947, in source_to_code
  File "<frozen importlib._bootstrap>", line 241, in _call_with_frames_removed
  File "/opt/airflow/dags/api/main.py", line 17
    'max_active_runs':1,
                     ^
SyntaxError: invalid syntax
[2025-11-10T21:15:22.247+0000] {processor.py:842} WARNING - No viable dags retrieved from /opt/airflow/dags/api/main.py
[2025-11-10T21:15:22.284+0000] {processor.py:183} INFO - Processing /opt/airflow/dags/api/main.py took 0.213 seconds
[2025-11-10T21:15:52.556+0000] {processor.py:161} INFO - Started process (PID=121) to work on /opt/airflow/dags/api/main.py
[2025-11-10T21:15:52.559+0000] {processor.py:830} INFO - Processing file /opt/airflow/dags/api/main.py for tasks to queue
[2025-11-10T21:15:52.564+0000] {logging_mixin.py:188} INFO - [2025-11-10T21:15:52.563+0000] {dagbag.py:545} INFO - Filling up the DagBag from /opt/airflow/dags/api/main.py
[2025-11-10T21:15:52.628+0000] {logging_mixin.py:188} INFO - [2025-11-10T21:15:52.627+0000] {dagbag.py:355} ERROR - Failed to import: /opt/airflow/dags/api/main.py
Traceback (most recent call last):
  File "/home/airflow/.local/lib/python3.10/site-packages/airflow/models/dagbag.py", line 351, in parse
    loader.exec_module(new_module)
  File "<frozen importlib._bootstrap_external>", line 879, in exec_module
  File "<frozen importlib._bootstrap_external>", line 1017, in get_code
  File "<frozen importlib._bootstrap_external>", line 947, in source_to_code
  File "<frozen importlib._bootstrap>", line 241, in _call_with_frames_removed
  File "/opt/airflow/dags/api/main.py", line 17
    'max_active_runs':1,
                     ^
SyntaxError: invalid syntax
[2025-11-10T21:15:52.629+0000] {processor.py:842} WARNING - No viable dags retrieved from /opt/airflow/dags/api/main.py
[2025-11-10T21:15:52.651+0000] {processor.py:183} INFO - Processing /opt/airflow/dags/api/main.py took 0.103 seconds
[2025-11-10T21:16:23.183+0000] {processor.py:161} INFO - Started process (PID=128) to work on /opt/airflow/dags/api/main.py
[2025-11-10T21:16:23.185+0000] {processor.py:830} INFO - Processing file /opt/airflow/dags/api/main.py for tasks to queue
[2025-11-10T21:16:23.188+0000] {logging_mixin.py:188} INFO - [2025-11-10T21:16:23.187+0000] {dagbag.py:545} INFO - Filling up the DagBag from /opt/airflow/dags/api/main.py
[2025-11-10T21:16:23.217+0000] {logging_mixin.py:188} INFO - [2025-11-10T21:16:23.215+0000] {dagbag.py:355} ERROR - Failed to import: /opt/airflow/dags/api/main.py
Traceback (most recent call last):
  File "/home/airflow/.local/lib/python3.10/site-packages/airflow/models/dagbag.py", line 351, in parse
    loader.exec_module(new_module)
  File "<frozen importlib._bootstrap_external>", line 879, in exec_module
  File "<frozen importlib._bootstrap_external>", line 1017, in get_code
  File "<frozen importlib._bootstrap_external>", line 947, in source_to_code
  File "<frozen importlib._bootstrap>", line 241, in _call_with_frames_removed
  File "/opt/airflow/dags/api/main.py", line 17
    'max_active_runs':1,
                     ^
SyntaxError: invalid syntax
[2025-11-10T21:16:23.218+0000] {processor.py:842} WARNING - No viable dags retrieved from /opt/airflow/dags/api/main.py
[2025-11-10T21:16:23.245+0000] {processor.py:183} INFO - Processing /opt/airflow/dags/api/main.py took 0.070 seconds
[2025-11-10T21:16:54.415+0000] {processor.py:161} INFO - Started process (PID=136) to work on /opt/airflow/dags/api/main.py
[2025-11-10T21:16:54.444+0000] {processor.py:830} INFO - Processing file /opt/airflow/dags/api/main.py for tasks to queue
[2025-11-10T21:16:54.483+0000] {logging_mixin.py:188} INFO - [2025-11-10T21:16:54.482+0000] {dagbag.py:545} INFO - Filling up the DagBag from /opt/airflow/dags/api/main.py
[2025-11-10T21:16:54.539+0000] {logging_mixin.py:188} INFO - [2025-11-10T21:16:54.536+0000] {dagbag.py:355} ERROR - Failed to import: /opt/airflow/dags/api/main.py
Traceback (most recent call last):
  File "/home/airflow/.local/lib/python3.10/site-packages/airflow/models/dagbag.py", line 351, in parse
    loader.exec_module(new_module)
  File "<frozen importlib._bootstrap_external>", line 879, in exec_module
  File "<frozen importlib._bootstrap_external>", line 1017, in get_code
  File "<frozen importlib._bootstrap_external>", line 947, in source_to_code
  File "<frozen importlib._bootstrap>", line 241, in _call_with_frames_removed
  File "/opt/airflow/dags/api/main.py", line 17
    'max_active_runs':1,
                     ^
SyntaxError: invalid syntax
[2025-11-10T21:16:54.540+0000] {processor.py:842} WARNING - No viable dags retrieved from /opt/airflow/dags/api/main.py
[2025-11-10T21:16:54.589+0000] {processor.py:183} INFO - Processing /opt/airflow/dags/api/main.py took 0.242 seconds
[2025-11-10T21:17:26.006+0000] {processor.py:161} INFO - Started process (PID=143) to work on /opt/airflow/dags/api/main.py
[2025-11-10T21:17:26.100+0000] {processor.py:830} INFO - Processing file /opt/airflow/dags/api/main.py for tasks to queue
[2025-11-10T21:17:26.116+0000] {logging_mixin.py:188} INFO - [2025-11-10T21:17:26.115+0000] {dagbag.py:545} INFO - Filling up the DagBag from /opt/airflow/dags/api/main.py
[2025-11-10T21:17:28.576+0000] {logging_mixin.py:188} INFO - [2025-11-10T21:17:28.559+0000] {dagbag.py:355} ERROR - Failed to import: /opt/airflow/dags/api/main.py
Traceback (most recent call last):
  File "/home/airflow/.local/lib/python3.10/site-packages/airflow/models/dagbag.py", line 351, in parse
    loader.exec_module(new_module)
  File "<frozen importlib._bootstrap_external>", line 879, in exec_module
  File "<frozen importlib._bootstrap_external>", line 1017, in get_code
  File "<frozen importlib._bootstrap_external>", line 947, in source_to_code
  File "<frozen importlib._bootstrap>", line 241, in _call_with_frames_removed
  File "/opt/airflow/dags/api/main.py", line 17
    'max_active_runs':1,
                     ^
SyntaxError: invalid syntax
[2025-11-10T21:17:28.589+0000] {processor.py:842} WARNING - No viable dags retrieved from /opt/airflow/dags/api/main.py
[2025-11-10T21:17:28.638+0000] {processor.py:183} INFO - Processing /opt/airflow/dags/api/main.py took 2.641 seconds
[2025-11-10T21:17:59.062+0000] {processor.py:161} INFO - Started process (PID=150) to work on /opt/airflow/dags/api/main.py
[2025-11-10T21:17:59.064+0000] {processor.py:830} INFO - Processing file /opt/airflow/dags/api/main.py for tasks to queue
[2025-11-10T21:17:59.068+0000] {logging_mixin.py:188} INFO - [2025-11-10T21:17:59.068+0000] {dagbag.py:545} INFO - Filling up the DagBag from /opt/airflow/dags/api/main.py
[2025-11-10T21:17:59.111+0000] {logging_mixin.py:188} INFO - [2025-11-10T21:17:59.110+0000] {dagbag.py:355} ERROR - Failed to import: /opt/airflow/dags/api/main.py
Traceback (most recent call last):
  File "/home/airflow/.local/lib/python3.10/site-packages/airflow/models/dagbag.py", line 351, in parse
    loader.exec_module(new_module)
  File "<frozen importlib._bootstrap_external>", line 879, in exec_module
  File "<frozen importlib._bootstrap_external>", line 1017, in get_code
  File "<frozen importlib._bootstrap_external>", line 947, in source_to_code
  File "<frozen importlib._bootstrap>", line 241, in _call_with_frames_removed
  File "/opt/airflow/dags/api/main.py", line 17
    'max_active_runs':1,
                     ^
SyntaxError: invalid syntax
[2025-11-10T21:17:59.112+0000] {processor.py:842} WARNING - No viable dags retrieved from /opt/airflow/dags/api/main.py
[2025-11-10T21:17:59.144+0000] {processor.py:183} INFO - Processing /opt/airflow/dags/api/main.py took 0.089 seconds
